{"E:\\My Projects\\Courses\\MEAN Stack\\Samples\\github\\MEAN-Samples\\express-starter-samples\\models\\booking.js": {"path":"E:\\My Projects\\Courses\\MEAN Stack\\Samples\\github\\MEAN-Samples\\express-starter-samples\\models\\booking.js","statementMap":{"0":{"start":{"line":1,"column":17},"end":{"line":1,"column":36}},"1":{"start":{"line":2,"column":15},"end":{"line":2,"column":42}},"2":{"start":{"line":3,"column":20},"end":{"line":3,"column":35}},"3":{"start":{"line":5,"column":14},"end":{"line":17,"column":3}},"4":{"start":{"line":20,"column":0},"end":{"line":38,"column":1}},"5":{"start":{"line":23,"column":21},"end":{"line":25,"column":10}},"6":{"start":{"line":26,"column":8},"end":{"line":26,"column":48}},"7":{"start":{"line":27,"column":8},"end":{"line":27,"column":61}},"8":{"start":{"line":28,"column":8},"end":{"line":35,"column":5}},"9":{"start":{"line":29,"column":12},"end":{"line":29,"column":27}},"10":{"start":{"line":30,"column":12},"end":{"line":30,"column":52}},"11":{"start":{"line":33,"column":12},"end":{"line":33,"column":44}},"12":{"start":{"line":34,"column":11},"end":{"line":34,"column":77}}},"fnMap":{"0":{"name":"(anonymous_0)","decl":{"start":{"line":20,"column":34},"end":{"line":20,"column":35}},"loc":{"start":{"line":20,"column":58},"end":{"line":36,"column":1}},"line":20}},"branchMap":{"0":{"loc":{"start":{"line":28,"column":8},"end":{"line":35,"column":5}},"type":"if","locations":[{"start":{"line":28,"column":8},"end":{"line":35,"column":5}},{"start":{"line":28,"column":8},"end":{"line":35,"column":5}}],"line":28}},"s":{"0":1,"1":1,"2":1,"3":1,"4":1,"5":2,"6":2,"7":2,"8":2,"9":0,"10":0,"11":2,"12":2},"f":{"0":2},"b":{"0":[0,2]},"_coverageSchema":"332fd63041d2c1bcb487cc26dd0d5f7d97098a6c","hash":"33ad05b34865825ad854311d65d64970eb534c4c"}
,"E:\\My Projects\\Courses\\MEAN Stack\\Samples\\github\\MEAN-Samples\\express-starter-samples\\models\\doctor.js": {"path":"E:\\My Projects\\Courses\\MEAN Stack\\Samples\\github\\MEAN-Samples\\express-starter-samples\\models\\doctor.js","statementMap":{"0":{"start":{"line":3,"column":15},"end":{"line":3,"column":34}},"1":{"start":{"line":8,"column":0},"end":{"line":10,"column":28}},"2":{"start":{"line":9,"column":11},"end":{"line":9,"column":44}},"3":{"start":{"line":10,"column":10},"end":{"line":10,"column":26}},"4":{"start":{"line":12,"column":11},"end":{"line":14,"column":1}},"5":{"start":{"line":16,"column":17},"end":{"line":24,"column":2}},"6":{"start":{"line":26,"column":11},"end":{"line":26,"column":48}},"7":{"start":{"line":33,"column":15},"end":{"line":33,"column":74}},"8":{"start":{"line":34,"column":15},"end":{"line":34,"column":34}},"9":{"start":{"line":35,"column":4},"end":{"line":35,"column":24}},"10":{"start":{"line":38,"column":15},"end":{"line":38,"column":48}},"11":{"start":{"line":39,"column":0},"end":{"line":39,"column":46}},"12":{"start":{"line":41,"column":0},"end":{"line":41,"column":22}}},"fnMap":{"0":{"name":"(anonymous_0)","decl":{"start":{"line":9,"column":6},"end":{"line":9,"column":7}},"loc":{"start":{"line":9,"column":10},"end":{"line":9,"column":45}},"line":9},"1":{"name":"(anonymous_1)","decl":{"start":{"line":10,"column":7},"end":{"line":10,"column":8}},"loc":{"start":{"line":10,"column":10},"end":{"line":10,"column":26}},"line":10},"2":{"name":"createNewDoctor","decl":{"start":{"line":30,"column":15},"end":{"line":30,"column":30}},"loc":{"start":{"line":31,"column":0},"end":{"line":36,"column":1}},"line":31}},"branchMap":{},"s":{"0":1,"1":1,"2":0,"3":0,"4":1,"5":1,"6":1,"7":1,"8":1,"9":0,"10":1,"11":1,"12":1},"f":{"0":0,"1":0,"2":1},"b":{},"_coverageSchema":"332fd63041d2c1bcb487cc26dd0d5f7d97098a6c","hash":"3ac2bd7188a6b7f1667718a36d246deb937c260f"}
,"E:\\My Projects\\Courses\\MEAN Stack\\Samples\\github\\MEAN-Samples\\express-starter-samples\\models\\mathLib.js": {"path":"E:\\My Projects\\Courses\\MEAN Stack\\Samples\\github\\MEAN-Samples\\express-starter-samples\\models\\mathLib.js","statementMap":{"0":{"start":{"line":1,"column":0},"end":{"line":15,"column":1}},"1":{"start":{"line":5,"column":8},"end":{"line":9,"column":27}},"2":{"start":{"line":7,"column":12},"end":{"line":7,"column":23}},"3":{"start":{"line":9,"column":13},"end":{"line":9,"column":27}}},"fnMap":{"0":{"name":"(anonymous_0)","decl":{"start":{"line":3,"column":8},"end":{"line":3,"column":9}},"loc":{"start":{"line":3,"column":15},"end":{"line":10,"column":5}},"line":3},"1":{"name":"(anonymous_1)","decl":{"start":{"line":11,"column":8},"end":{"line":11,"column":9}},"loc":{"start":{"line":11,"column":15},"end":{"line":13,"column":5}},"line":11},"2":{"name":"(anonymous_2)","decl":{"start":{"line":14,"column":8},"end":{"line":14,"column":9}},"loc":{"start":{"line":14,"column":15},"end":{"line":14,"column":17}},"line":14}},"branchMap":{"0":{"loc":{"start":{"line":5,"column":8},"end":{"line":9,"column":27}},"type":"if","locations":[{"start":{"line":5,"column":8},"end":{"line":9,"column":27}},{"start":{"line":5,"column":8},"end":{"line":9,"column":27}}],"line":5}},"s":{"0":1,"1":2,"2":1,"3":1},"f":{"0":2,"1":0,"2":0},"b":{"0":[1,1]},"_coverageSchema":"332fd63041d2c1bcb487cc26dd0d5f7d97098a6c","hash":"27edef31144d59714c7a8058370135598c4c5309"}
}
