TN:
SF:E:\My Projects\Courses\MEAN Stack\Samples\github\MEAN-Samples\express-starter-samples\models\booking.js
FN:20,(anonymous_0)
FNF:1
FNH:1
FNDA:2,(anonymous_0)
DA:1,1
DA:2,1
DA:3,1
DA:5,1
DA:20,1
DA:23,2
DA:26,2
DA:27,2
DA:28,2
DA:29,0
DA:30,0
DA:33,2
DA:34,2
LF:13
LH:11
BRDA:28,0,0,0
BRDA:28,0,1,2
BRF:2
BRH:1
end_of_record
TN:
SF:E:\My Projects\Courses\MEAN Stack\Samples\github\MEAN-Samples\express-starter-samples\models\doctor.js
FN:9,(anonymous_0)
FN:10,(anonymous_1)
FN:30,createNewDoctor
FNF:3
FNH:1
FNDA:0,(anonymous_0)
FNDA:0,(anonymous_1)
FNDA:1,createNewDoctor
DA:3,1
DA:8,1
DA:9,0
DA:10,0
DA:12,1
DA:16,1
DA:26,1
DA:33,1
DA:34,1
DA:35,0
DA:38,1
DA:39,1
DA:41,1
LF:13
LH:10
BRF:0
BRH:0
end_of_record
TN:
SF:E:\My Projects\Courses\MEAN Stack\Samples\github\MEAN-Samples\express-starter-samples\models\mathLib.js
FN:3,(anonymous_0)
FN:11,(anonymous_1)
FN:14,(anonymous_2)
FNF:3
FNH:1
FNDA:2,(anonymous_0)
FNDA:0,(anonymous_1)
FNDA:0,(anonymous_2)
DA:1,1
DA:5,2
DA:7,1
DA:9,1
LF:4
LH:4
BRDA:5,0,0,1
BRDA:5,0,1,1
BRF:2
BRH:2
end_of_record
